  [1m[35m (312.6ms)[0m  [1m[35mCREATE DATABASE "first_routes_development" ENCODING = 'unicode'[0m
  [1m[35m (239.5ms)[0m  [1m[35mCREATE DATABASE "first_routes_test" ENCODING = 'unicode'[0m
Started GET "/" for ::1 at 2023-11-22 14:25:41 -0500
  [1m[35m (34.8ms)[0m  [1m[35mCREATE TABLE "schema_migrations" ("version" character varying NOT NULL PRIMARY KEY)[0m
  [1m[35m (19.2ms)[0m  [1m[35mCREATE TABLE "ar_internal_metadata" ("key" character varying NOT NULL PRIMARY KEY, "value" character varying, "created_at" timestamp(6) NOT NULL, "updated_at" timestamp(6) NOT NULL)[0m
  [1m[36mActiveRecord::SchemaMigration Load (1.6ms)[0m  [1m[34mSELECT "schema_migrations"."version" FROM "schema_migrations" ORDER BY "schema_migrations"."version" ASC[0m
Processing by Rails::WelcomeController#index as HTML
  Rendering /home/csmanel/.rbenv/versions/3.1.1/lib/ruby/gems/3.1.0/gems/railties-7.1.2/lib/rails/templates/rails/welcome/index.html.erb
  Rendered /home/csmanel/.rbenv/versions/3.1.1/lib/ruby/gems/3.1.0/gems/railties-7.1.2/lib/rails/templates/rails/welcome/index.html.erb (Duration: 1.6ms | Allocations: 354)
Completed 200 OK in 38ms (Views: 13.0ms | ActiveRecord: 0.0ms | Allocations: 5067)


Started GET "/" for ::1 at 2023-11-22 14:36:07 -0500
Processing by Rails::WelcomeController#index as */*
  Rendering /home/csmanel/.rbenv/versions/3.1.1/lib/ruby/gems/3.1.0/gems/railties-7.1.2/lib/rails/templates/rails/welcome/index.html.erb
  Rendered /home/csmanel/.rbenv/versions/3.1.1/lib/ruby/gems/3.1.0/gems/railties-7.1.2/lib/rails/templates/rails/welcome/index.html.erb (Duration: 0.3ms | Allocations: 15)
Completed 200 OK in 4ms (Views: 2.8ms | ActiveRecord: 0.0ms | Allocations: 298)


Started GET "/users(.:format)" for ::1 at 2023-11-22 14:37:15 -0500
  
ActionController::RoutingError (No route matches [GET] "/users(.:format)"):
  
Started GET "/users" for ::1 at 2023-11-22 14:37:29 -0500

AbstractController::ActionNotFound - The action 'index' could not be found for UsersController:

Started GET "/users" for ::1 at 2023-11-22 14:40:00 -0500
Processing by UsersController#index as */*
No template found for UsersController#index, rendering head :no_content
Completed 204 No Content in 3ms (ActiveRecord: 0.0ms | Allocations: 322)


Started GET "/users" for ::1 at 2023-11-22 14:40:55 -0500
Processing by UsersController#index as */*
  Rendering text template
  Rendered text template (Duration: 0.0ms | Allocations: 3)
Completed 200 OK in 74ms (Views: 73.2ms | ActiveRecord: 0.0ms | Allocations: 559)


